[12:32:29] [main/INFO] (FabricLoader/GameProvider) Loading Minecraft 1.21.10 with Fabric Loader 0.18.0
[12:32:29] [main/INFO] (FabricLoader) Loading 52 mods:
	- chatanimation 1.1.0
	- fabric-api 0.138.3+1.21.10
	- fabric-api-base 1.0.0+14b92d896f
	- fabric-api-lookup-api-v1 1.6.106+d17682156f
	- fabric-biome-api-v1 16.1.0+c2417d4f6f
	- fabric-block-api-v1 1.1.5+d17682156f
	- fabric-block-view-api-v2 1.0.34+e4fd1b926f
	- fabric-client-gametest-api-v1 4.2.13+14b92d896f
	- fabric-command-api-v2 2.4.0+c0ab2d5d6f
	- fabric-content-registries-v0 10.2.6+b6a242646f
	- fabric-convention-tags-v1 2.1.49+7f945d5b6f
	- fabric-convention-tags-v2 2.17.0+ff7bc77d6f
	- fabric-crash-report-info-v1 0.3.18+33df5e6e6f
	- fabric-data-attachment-api-v1 1.8.33+cd3b9e596f
	- fabric-data-generation-api-v1 23.2.27+d8b85ef16f
	- fabric-dimensions-v1 4.0.22+38b9cc196f
	- fabric-entity-events-v1 2.1.13+fde3702c6f
	- fabric-events-interaction-v0 4.0.36+5ba217126f
	- fabric-game-rule-api-v1 1.1.1+e47eaae56f
	- fabric-gametest-api-v1 3.1.21+33df5e6e6f
	- fabric-item-api-v1 11.5.11+9bce411b6f
	- fabric-item-group-api-v1 4.2.27+86b3ae576f
	- fabric-key-binding-api-v1 1.1.1+b3ba9c486f
	- fabric-lifecycle-events-v1 2.6.9+33df5e6e6f
	- fabric-loot-api-v2 3.0.67+3f89f5a56f
	- fabric-loot-api-v3 2.0.14+d17682156f
	- fabric-message-api-v1 6.1.7+3154c1c86f
	- fabric-model-loading-api-v1 6.0.4+3ffd6ef06f
	- fabric-networking-api-v1 5.1.0+b095d8db6f
	- fabric-object-builder-api-v1 21.1.28+9bce411b6f
	- fabric-particles-v1 4.2.3+a0ee59a46f
	- fabric-recipe-api-v1 8.2.0+39709ef06f
	- fabric-registry-sync-v0 6.1.42+679c8c5c6f
	- fabric-renderer-api-v1 7.2.2+3706cdf36f
	- fabric-renderer-indigo 4.1.3+d7df91576f
	- fabric-rendering-fluids-v1 3.1.38+86b3ae576f
	- fabric-rendering-v1 16.2.0+bee81f016f
	- fabric-resource-conditions-api-v1 5.0.28+33df5e6e6f
	- fabric-resource-loader-v0 3.3.1+d4d4122a6f
	- fabric-resource-loader-v1 1.0.4+14959b836f
	- fabric-screen-api-v1 3.1.0+9c82a7986f
	- fabric-screen-handler-api-v1 1.3.151+d17682156f
	- fabric-serialization-api-v1 1.0.0+d857c9766f
	- fabric-sound-api-v1 1.0.45+328a75ba6f
	- fabric-tag-api-v1 1.2.13+2fa446b26f
	- fabric-transfer-api-v1 6.0.15+79ec2c126f
	- fabric-transitive-access-wideners-v1 6.5.3+41eb43436f
	- fabricloader 0.18.0
	- java 21
	- minecraft 1.21.10
	- mixinextras 0.5.0
	- modmenu 16.0.0-rc.1
[12:32:29] [main/INFO] (FabricLoader/Mixin) SpongePowered MIXIN Subsystem Version=0.8.7 Source=file:/E:/Gradle/.gradle/caches/modules-2/files-2.1/net.fabricmc/sponge-mixin/0.16.5+mixin.0.8.7/80fc3a9f592673cea87f4cd702f87991c6c9fe4d/sponge-mixin-0.16.5+mixin.0.8.7.jar Service=Knot/Fabric Env=CLIENT
[12:32:29] [main/INFO] (FabricLoader/Mixin) Loaded Fabric development mappings for mixin remapper!
[12:32:29] [main/INFO] (FabricLoader/Mixin) Compatibility level set to JAVA_21
[12:32:30] [main/INFO] (FabricLoader/MixinExtras|Service) Initializing MixinExtras via com.llamalad7.mixinextras.service.MixinExtrasServiceImpl(version=0.5.0).
[12:32:32] [Datafixer Bootstrap/INFO] (Minecraft) 278 Datafixer optimizations took 505 milliseconds
[12:32:37] [Render thread/INFO] (Minecraft) Environment: Environment[sessionHost=https://sessionserver.mojang.com, servicesHost=https://api.minecraftservices.com, profilesHost=https://api.mojang.com, name=PROD]
[12:32:37] [Render thread/INFO] (Minecraft) Setting user: Player405
[12:32:38] [Render thread/INFO] (chatanimation) ChatAnimation initialized!
[12:32:38] [Render thread/INFO] (Indigo) [Indigo] Registering Indigo renderer!
[12:32:38] [Render thread/INFO] (Mod Menu/Update Checker) Checking mod updates...
[12:32:38] [Download-2/ERROR] (Minecraft) Failed to fetch user properties
com.mojang.authlib.exceptions.InvalidCredentialsException: Status: 401
	at knot/com.mojang.authlib.exceptions.MinecraftClientHttpException.toAuthenticationException(MinecraftClientHttpException.java:59) ~[authlib-7.0.61.jar:?]
	at knot/com.mojang.authlib.yggdrasil.YggdrasilUserApiService.fetchProperties(YggdrasilUserApiService.java:150) ~[authlib-7.0.61.jar:?]
	at knot/net.minecraft.client.MinecraftClient.method_55608(MinecraftClient.java:465) ~[minecraft-merged-6227aad8ee-1.21.10-net.fabricmc.yarn.1_21_10.1.21.10+build.3-v2.jar:?]
	at java.base/java.util.concurrent.CompletableFuture$AsyncSupply.run(CompletableFuture.java:1768) ~[?:?]
	at java.base/java.util.concurrent.ThreadPoolExecutor.runWorker(ThreadPoolExecutor.java:1144) ~[?:?]
	at java.base/java.util.concurrent.ThreadPoolExecutor$Worker.run(ThreadPoolExecutor.java:642) ~[?:?]
	at java.base/java.lang.Thread.run(Thread.java:1583) [?:?]
Caused by: com.mojang.authlib.exceptions.MinecraftClientHttpException: Status: 401
	at knot/com.mojang.authlib.minecraft.client.MinecraftClient.readInputStream(MinecraftClient.java:103) ~[authlib-7.0.61.jar:?]
	at knot/com.mojang.authlib.minecraft.client.MinecraftClient.get(MinecraftClient.java:56) ~[authlib-7.0.61.jar:?]
	at knot/com.mojang.authlib.yggdrasil.YggdrasilUserApiService.fetchProperties(YggdrasilUserApiService.java:121) ~[authlib-7.0.61.jar:?]
	... 5 more
[12:32:38] [ModMenu/Update Checker/Fabric Loader/INFO] (Mod Menu/Update Checker) Update available for 'fabricloader@0.18.0'
[12:32:38] [Render thread/INFO] (Minecraft) Backend library: LWJGL version 3.3.3-snapshot
[12:32:39] [Render thread/INFO] (Minecraft) Using optional rendering extensions: GL_ARB_buffer_storage, GL_KHR_debug, GL_ARB_vertex_attrib_binding, GL_ARB_direct_state_access
[12:32:40] [Render thread/INFO] (Minecraft) Reloading ResourceManager: vanilla, fabric, chatanimation, fabric-api, fabric-api-base, fabric-api-lookup-api-v1, fabric-biome-api-v1, fabric-block-api-v1, fabric-block-view-api-v2, fabric-client-gametest-api-v1, fabric-command-api-v2, fabric-content-registries-v0, fabric-convention-tags-v1, fabric-convention-tags-v2, fabric-crash-report-info-v1, fabric-data-attachment-api-v1, fabric-data-generation-api-v1, fabric-dimensions-v1, fabric-entity-events-v1, fabric-events-interaction-v0, fabric-game-rule-api-v1, fabric-gametest-api-v1, fabric-item-api-v1, fabric-item-group-api-v1, fabric-key-binding-api-v1, fabric-lifecycle-events-v1, fabric-loot-api-v2, fabric-loot-api-v3, fabric-message-api-v1, fabric-model-loading-api-v1, fabric-networking-api-v1, fabric-object-builder-api-v1, fabric-particles-v1, fabric-recipe-api-v1, fabric-registry-sync-v0, fabric-renderer-api-v1, fabric-renderer-indigo, fabric-rendering-fluids-v1, fabric-rendering-v1, fabric-resource-conditions-api-v1, fabric-resource-loader-v0, fabric-resource-loader-v1, fabric-screen-api-v1, fabric-screen-handler-api-v1, fabric-serialization-api-v1, fabric-sound-api-v1, fabric-tag-api-v1, fabric-transfer-api-v1, fabric-transitive-access-wideners-v1, fabricloader, modmenu
[12:32:40] [Download-2/INFO] (Minecraft) Could not authorize you against Realms server: java.lang.RuntimeException: Failed to parse into SignedJWT: FabricMC
[12:32:40] [Download-2/ERROR] (Minecraft) Failed to fetch Realms feature flags
net.minecraft.client.realms.exception.RealmsServiceException: Realms authentication error with message 'java.lang.RuntimeException: Failed to parse into SignedJWT: FabricMC'
	at knot/net.minecraft.client.realms.RealmsClient.execute(RealmsClient.java:536) ~[minecraft-merged-6227aad8ee-1.21.10-net.fabricmc.yarn.1_21_10.1.21.10+build.3-v2.jar:?]
	at knot/net.minecraft.client.realms.RealmsClient.fetchFeatureFlags(RealmsClient.java:189) ~[minecraft-merged-6227aad8ee-1.21.10-net.fabricmc.yarn.1_21_10.1.21.10+build.3-v2.jar:?]
	at java.base/java.util.concurrent.CompletableFuture$AsyncSupply.run(CompletableFuture.java:1768) ~[?:?]
	at java.base/java.util.concurrent.ThreadPoolExecutor.runWorker(ThreadPoolExecutor.java:1144) ~[?:?]
	at java.base/java.util.concurrent.ThreadPoolExecutor$Worker.run(ThreadPoolExecutor.java:642) ~[?:?]
	at java.base/java.lang.Thread.run(Thread.java:1583) [?:?]
[12:32:40] [Worker-Main-4/INFO] (Minecraft) Found unifont_all_no_pua-16.0.03.hex, loading
[12:32:40] [Worker-Main-3/INFO] (Minecraft) Found unifont_pua-16.0.03.hex, loading
[12:32:40] [Worker-Main-2/INFO] (Minecraft) Found unifont_jp_patch-16.0.03.hex, loading
[12:32:41] [Render thread/INFO] (Minecraft) OpenAL initialized on device OpenAL Soft on Headset Earphone (CORSAIR VOID ELITE USB Gaming Headset)
[12:32:41] [Render thread/INFO] (Minecraft) Sound engine started
[12:32:41] [Render thread/INFO] (Minecraft) Created: 512x256x0 minecraft:textures/atlas/particles.png-atlas
[12:32:41] [Render thread/INFO] (Minecraft) Created: 128x64x0 minecraft:textures/atlas/decorated_pot.png-atlas
[12:32:41] [Render thread/INFO] (Minecraft) Created: 2048x1024x0 minecraft:textures/atlas/armor_trims.png-atlas
[12:32:41] [Render thread/INFO] (Minecraft) Created: 512x256x0 minecraft:textures/atlas/paintings.png-atlas
[12:32:41] [Render thread/INFO] (Minecraft) Created: 512x512x0 minecraft:textures/atlas/shield_patterns.png-atlas
[12:32:41] [Render thread/INFO] (Minecraft) Created: 1024x512x4 minecraft:textures/atlas/blocks.png-atlas
[12:32:41] [Render thread/INFO] (Minecraft) Created: 512x256x0 minecraft:textures/atlas/chest.png-atlas
[12:32:41] [Render thread/INFO] (Minecraft) Created: 512x512x0 minecraft:textures/atlas/banner_patterns.png-atlas
[12:32:41] [Render thread/INFO] (Minecraft) Created: 512x256x0 minecraft:textures/atlas/beds.png-atlas
[12:32:41] [Render thread/INFO] (Minecraft) Created: 1024x512x0 minecraft:textures/atlas/gui.png-atlas
[12:32:41] [Render thread/INFO] (Minecraft) Created: 64x64x0 minecraft:textures/atlas/map_decorations.png-atlas
[12:32:41] [Render thread/INFO] (Minecraft) Created: 256x256x0 minecraft:textures/atlas/signs.png-atlas
[12:32:41] [Render thread/INFO] (Minecraft) Created: 512x256x0 minecraft:textures/atlas/shulker_boxes.png-atlas
[12:32:41] [IO-Worker-1/INFO] (Minecraft) Could not authorize you against Realms server: java.lang.RuntimeException: Failed to parse into SignedJWT: FabricMC
[12:32:41] [IO-Worker-1/ERROR] (Minecraft) Couldn't connect to realms
net.minecraft.client.realms.exception.RealmsServiceException: Realms authentication error with message 'java.lang.RuntimeException: Failed to parse into SignedJWT: FabricMC'
	at knot/net.minecraft.client.realms.RealmsClient.execute(RealmsClient.java:536) ~[minecraft-merged-6227aad8ee-1.21.10-net.fabricmc.yarn.1_21_10.1.21.10+build.3-v2.jar:?]
	at knot/net.minecraft.client.realms.RealmsClient.clientCompatible(RealmsClient.java:316) ~[minecraft-merged-6227aad8ee-1.21.10-net.fabricmc.yarn.1_21_10.1.21.10+build.3-v2.jar:?]
	at knot/net.minecraft.client.realms.RealmsAvailability.method_52627(RealmsAvailability.java:49) ~[minecraft-merged-6227aad8ee-1.21.10-net.fabricmc.yarn.1_21_10.1.21.10+build.3-v2.jar:?]
	at java.base/java.util.concurrent.CompletableFuture$AsyncSupply.run(CompletableFuture.java:1768) ~[?:?]
	at java.base/java.util.concurrent.ThreadPoolExecutor.runWorker(ThreadPoolExecutor.java:1144) ~[?:?]
	at java.base/java.util.concurrent.ThreadPoolExecutor$Worker.run(ThreadPoolExecutor.java:642) ~[?:?]
	at java.base/java.lang.Thread.run(Thread.java:1583) [?:?]
[12:32:46] [Render thread/INFO] (Minecraft) Loaded 1461 recipes
[12:32:46] [Render thread/INFO] (Minecraft) Loaded 1574 advancements
[12:32:46] [Render thread/INFO] (BiomeModificationImpl) Applied 0 biome modifications to 0 of 65 new biomes in 1.176 ms
[12:32:46] [Server thread/INFO] (Minecraft) Starting integrated minecraft server version 1.21.10
[12:32:46] [Server thread/INFO] (Minecraft) Generating keypair
[12:32:47] [Server thread/INFO] (Minecraft) Loading 0 persistent chunks...
[12:32:47] [Server thread/INFO] (Minecraft) Preparing spawn area: 16%
[12:32:47] [Server thread/INFO] (Minecraft) Loading 49 chunks for player spawn...
[12:32:47] [Server thread/INFO] (Minecraft) Preparing spawn area: 16%
[12:32:48] [Server thread/INFO] (Minecraft) Preparing spawn area: 71%
[12:32:48] [Server thread/INFO] (Minecraft) Time elapsed: 1069 ms
[12:32:48] [Server thread/INFO] (Minecraft) Player405[local:E:506a3eca] logged in with entity id 79 at (-140.60035652812843, 93.39335327509811, -74.99881186939048)
[12:32:48] [Server thread/INFO] (Minecraft) Player405 joined the game
[12:32:48] [Server thread/INFO] (Minecraft) Changing simulation distance to 12, from 0
[12:32:48] [Render thread/INFO] (Minecraft) Resizing Dynamic Transforms UBO, capacity limit of 2 reached during a single frame. New capacity will be 4.
[12:32:48] [Render thread/INFO] (Minecraft) Resizing Dynamic Transforms UBO, capacity limit of 4 reached during a single frame. New capacity will be 8.
[12:32:48] [Render thread/INFO] (Minecraft) Loaded 2 advancements
[12:32:48] [Render thread/INFO] (Minecraft) Resizing Dynamic Transforms UBO, capacity limit of 8 reached during a single frame. New capacity will be 16.
[12:32:48] [Render thread/INFO] (Minecraft) Resizing Dynamic Transforms UBO, capacity limit of 16 reached during a single frame. New capacity will be 32.
[12:32:48] [Render thread/INFO] (Minecraft) Resizing Dynamic Transforms UBO, capacity limit of 32 reached during a single frame. New capacity will be 64.
[12:32:49] [Render thread/INFO] (Minecraft) Resizing Dynamic Transforms UBO, capacity limit of 64 reached during a single frame. New capacity will be 128.
[12:32:49] [Render thread/INFO] (Minecraft) [System] [CHAT] <Player1> hello noob
[12:32:49] [Render thread/INFO] (Minecraft) [System] [CHAT] <Player534> hello
[12:32:49] [Render thread/INFO] (Minecraft) Resizing Dynamic Transforms UBO, capacity limit of 128 reached during a single frame. New capacity will be 256.
[12:32:49] [Render thread/INFO] (Minecraft) [System] [CHAT] <Player1> what the sigma
[12:32:49] [Render thread/INFO] (Minecraft) [System] [CHAT] <Player1> wowowowow
[12:32:49] [Render thread/INFO] (Minecraft) Resizing Dynamic Transforms UBO, capacity limit of 256 reached during a single frame. New capacity will be 512.
[12:32:51] [Render thread/INFO] (Minecraft) [System] [CHAT] <Player1> hello noob
[12:32:51] [Render thread/INFO] (Minecraft) Resizing Dynamic Transforms UBO, capacity limit of 512 reached during a single frame. New capacity will be 1024.
[12:32:51] [Render thread/INFO] (Minecraft) [System] [CHAT] <Player534> hello
[12:32:51] [Render thread/INFO] (Minecraft) [System] [CHAT] <Player1> what the sigma
[12:32:51] [Render thread/INFO] (Minecraft) [System] [CHAT] <Player1> wowowowow
[12:32:53] [Render thread/INFO] (Minecraft) [System] [CHAT] <Player1> hello noob
[12:32:53] [Render thread/INFO] (Minecraft) [System] [CHAT] <Player534> hello
[12:32:53] [Render thread/INFO] (Minecraft) [System] [CHAT] <Player1> what the sigma
[12:32:53] [Render thread/INFO] (Minecraft) [System] [CHAT] <Player1> wowowowow
[12:32:54] [Render thread/INFO] (Minecraft) Resizing Dynamic Transforms UBO, capacity limit of 1024 reached during a single frame. New capacity will be 2048.
[12:32:55] [Render thread/INFO] (Minecraft) [System] [CHAT] <Player1> hello noob
[12:32:55] [Render thread/INFO] (Minecraft) [System] [CHAT] <Player534> hello
[12:32:55] [Render thread/INFO] (Minecraft) [System] [CHAT] <Player1> what the sigma
[12:32:55] [Render thread/INFO] (Minecraft) [System] [CHAT] <Player1> wowowowow
[12:32:57] [Render thread/INFO] (Minecraft) [System] [CHAT] <Player1> hello noob
[12:32:57] [Render thread/INFO] (Minecraft) [System] [CHAT] <Player534> hello
[12:32:57] [Render thread/INFO] (Minecraft) [System] [CHAT] <Player1> what the sigma
[12:32:58] [Render thread/INFO] (Minecraft) [System] [CHAT] <Player1> wowowowow
[12:32:59] [Server thread/INFO] (Minecraft) Saving and pausing game...
[12:32:59] [Server thread/INFO] (Minecraft) Saving chunks for level 'ServerLevel[New World]'/minecraft:overworld
[12:32:59] [Server thread/INFO] (Minecraft) Saving chunks for level 'ServerLevel[New World]'/minecraft:the_end
[12:32:59] [Server thread/INFO] (Minecraft) Saving chunks for level 'ServerLevel[New World]'/minecraft:the_nether
[12:33:10] [Render thread/INFO] (Minecraft) [System] [CHAT] <Player1> hello noob
[12:33:10] [Render thread/INFO] (Minecraft) [System] [CHAT] <Player534> hello
[12:33:10] [Render thread/INFO] (Minecraft) [System] [CHAT] <Player1> what the sigma
[12:33:10] [Render thread/INFO] (Minecraft) [System] [CHAT] <Player1> wowowowow
[12:33:12] [Render thread/INFO] (Minecraft) [System] [CHAT] <Player1> hello noob
[12:33:12] [Render thread/INFO] (Minecraft) [System] [CHAT] <Player534> hello
[12:33:12] [Render thread/INFO] (Minecraft) [System] [CHAT] <Player1> what the sigma
[12:33:12] [Render thread/INFO] (Minecraft) [System] [CHAT] <Player1> wowowowow
[12:33:14] [Render thread/INFO] (Minecraft) [System] [CHAT] <Player1> hello noob
[12:33:14] [Render thread/INFO] (Minecraft) [System] [CHAT] <Player534> hello
[12:33:14] [Render thread/INFO] (Minecraft) [System] [CHAT] <Player1> what the sigma
[12:33:14] [Render thread/INFO] (Minecraft) [System] [CHAT] <Player1> wowowowow
[12:33:15] [Server thread/INFO] (Minecraft) Saving and pausing game...
[12:33:15] [Server thread/INFO] (Minecraft) Saving chunks for level 'ServerLevel[New World]'/minecraft:overworld
[12:33:15] [Server thread/INFO] (Minecraft) Saving chunks for level 'ServerLevel[New World]'/minecraft:the_end
[12:33:15] [Server thread/INFO] (Minecraft) Saving chunks for level 'ServerLevel[New World]'/minecraft:the_nether
[12:33:21] [Render thread/INFO] (Minecraft) [System] [CHAT] <Player1> hello noob
[12:33:21] [Render thread/INFO] (Minecraft) [System] [CHAT] <Player534> hello
[12:33:21] [Render thread/INFO] (Minecraft) [System] [CHAT] <Player1> what the sigma
[12:33:21] [Render thread/INFO] (Minecraft) [System] [CHAT] <Player1> wowowowow
[12:33:22] [Server thread/INFO] (Minecraft) Saving and pausing game...
[12:33:22] [Server thread/INFO] (Minecraft) Saving chunks for level 'ServerLevel[New World]'/minecraft:overworld
[12:33:22] [Server thread/INFO] (Minecraft) Saving chunks for level 'ServerLevel[New World]'/minecraft:the_end
[12:33:22] [Server thread/INFO] (Minecraft) Saving chunks for level 'ServerLevel[New World]'/minecraft:the_nether
[12:33:27] [Render thread/INFO] (Minecraft) [System] [CHAT] <Player1> hello noob
[12:33:27] [Render thread/INFO] (Minecraft) [System] [CHAT] <Player534> hello
[12:33:27] [Render thread/INFO] (Minecraft) [System] [CHAT] <Player1> what the sigma
[12:33:27] [Render thread/INFO] (Minecraft) [System] [CHAT] <Player1> wowowowow
[12:33:29] [Render thread/INFO] (Minecraft) [System] [CHAT] <Player1> hello noob
[12:33:29] [Render thread/INFO] (Minecraft) [System] [CHAT] <Player534> hello
[12:33:29] [Render thread/INFO] (Minecraft) [System] [CHAT] <Player1> what the sigma
[12:33:30] [Render thread/INFO] (Minecraft) [System] [CHAT] <Player1> wowowowow
[12:33:31] [Render thread/INFO] (Minecraft) [System] [CHAT] <Player1> hello noob
[12:33:31] [Render thread/INFO] (Minecraft) [System] [CHAT] <Player534> hello
[12:33:31] [Render thread/INFO] (Minecraft) [System] [CHAT] <Player1> what the sigma
[12:33:32] [Render thread/INFO] (Minecraft) [System] [CHAT] <Player1> wowowowow
[12:33:33] [Render thread/INFO] (Minecraft) [System] [CHAT] <Player1> hello noob
[12:33:33] [Render thread/INFO] (Minecraft) [System] [CHAT] <Player534> hello
[12:33:34] [Render thread/INFO] (Minecraft) [System] [CHAT] <Player1> what the sigma
[12:33:34] [Render thread/INFO] (Minecraft) [System] [CHAT] <Player1> wowowowow
[12:33:35] [Server thread/INFO] (Minecraft) Saving and pausing game...
[12:33:35] [Server thread/INFO] (Minecraft) Saving chunks for level 'ServerLevel[New World]'/minecraft:overworld
[12:33:35] [Server thread/INFO] (Minecraft) Saving chunks for level 'ServerLevel[New World]'/minecraft:the_end
[12:33:35] [Server thread/INFO] (Minecraft) Saving chunks for level 'ServerLevel[New World]'/minecraft:the_nether
[12:33:35] [Server thread/INFO] (Minecraft) Player405 lost connection: Disconnected
[12:33:35] [Server thread/INFO] (Minecraft) Player405 left the game
[12:33:35] [Server thread/INFO] (Minecraft) Stopping singleplayer server as player logged out
[12:33:35] [Server thread/INFO] (Minecraft) Stopping server
[12:33:35] [Server thread/INFO] (Minecraft) Saving players
[12:33:35] [Server thread/INFO] (Minecraft) Saving worlds
[12:33:35] [Server thread/INFO] (Minecraft) Saving chunks for level 'ServerLevel[New World]'/minecraft:overworld
[12:33:35] [Server thread/INFO] (Minecraft) Saving chunks for level 'ServerLevel[New World]'/minecraft:the_end
[12:33:35] [Server thread/INFO] (Minecraft) Saving chunks for level 'ServerLevel[New World]'/minecraft:the_nether
[12:33:35] [Server thread/INFO] (Minecraft) ThreadedAnvilChunkStorage (New World): All chunks are saved
[12:33:35] [Server thread/INFO] (Minecraft) ThreadedAnvilChunkStorage (DIM1): All chunks are saved
[12:33:35] [Server thread/INFO] (Minecraft) ThreadedAnvilChunkStorage (DIM-1): All chunks are saved
[12:33:35] [Server thread/INFO] (Minecraft) ThreadedAnvilChunkStorage: All dimensions are saved
